行 31: 控件 DataGrid1 的类 MSDataGridLib.DataGrid 不是一个已加载的控件类。
行 96: 控件 Adodc1 的类 MSAdodcLib.Adodc 不是一个已加载的控件类。
行 32: 属性名 Bindings 在 DataGrid1 中是无效的。
行 38: 属性名 _ExtentX 在 DataGrid1 中是无效的。
行 39: 属性名 _ExtentY 在 DataGrid1 中是无效的。
行 40: 属性名 _Version 在 DataGrid1 中是无效的。
行 41: 属性名 HeadLines 在 DataGrid1 中是无效的。
行 42: 属性名 RowHeight 在 DataGrid1 中是无效的。
行 51: 属性名 HeadFont 在 DataGrid1 中是无效的。
行 61: 属性名 ColumnCount 在 DataGrid1 中是无效的。
行 74: 属性名 Column00 在 DataGrid1 中是无效的。
行 87: 属性名 Column01 在 DataGrid1 中是无效的。
行 88: 属性名 SplitCount 在 DataGrid1 中是无效的。
行 94: 属性名 Split0 在 DataGrid1 中是无效的。
行 101: 属性名 _ExtentX 在 Adodc1 中是无效的。
行 102: 属性名 _ExtentY 在 Adodc1 中是无效的。
行 103: 属性名 ConnectMode 在 Adodc1 中是无效的。
行 104: 属性名 CursorLocation 在 Adodc1 中是无效的。
行 105: 属性名 IsolationLevel 在 Adodc1 中是无效的。
行 106: 属性名 ConnectionTimeout 在 Adodc1 中是无效的。
行 107: 属性名 CommandTimeout 在 Adodc1 中是无效的。
行 108: 属性名 CursorType 在 Adodc1 中是无效的。
行 109: 属性名 LockType 在 Adodc1 中是无效的。
行 110: 属性名 CommandType 在 Adodc1 中是无效的。
行 111: 属性名 CursorOptions 在 Adodc1 中是无效的。
行 112: 属性名 CacheSize 在 Adodc1 中是无效的。
行 113: 属性名 MaxRecords 在 Adodc1 中是无效的。
行 114: 属性名 BOFAction 在 Adodc1 中是无效的。
行 115: 属性名 EOFAction 在 Adodc1 中是无效的。
行 116: 属性名 ConnectStringType 在 Adodc1 中是无效的。
行 120: 属性名 Orientation 在 Adodc1 中是无效的。
行 122: 属性名 Connect 在 Adodc1 中是无效的。
行 123: 属性名 OLEDBString 在 Adodc1 中是无效的。
行 124: 属性名 OLEDBFile 在 Adodc1 中是无效的。
行 125: 属性名 DataSourceName 在 Adodc1 中是无效的。
行 126: 属性名 OtherAttributes 在 Adodc1 中是无效的。
行 127: 属性名 UserName 在 Adodc1 中是无效的。
行 128: 属性名 Password 在 Adodc1 中是无效的。
行 129: 属性名 RecordSource 在 Adodc1 中是无效的。
行 130: 属性名 Caption 在 Adodc1 中是无效的。
行 140: 属性名 _Version 在 Adodc1 中是无效的。
